#
# A fatal error has been detected by the Java Runtime Environment:
#
#  EXCEPTION_ACCESS_VIOLATION (0xc0000005) at pc=0x00000000740b7093, pid=420, tid=0x0000000000002dfc
#
# JRE version: OpenJDK Runtime Environment (8.0_152-b01) (build 1.8.0_152-release-1248-b01)
# Java VM: OpenJDK 64-Bit Server VM (25.152-b01 mixed mode windows-amd64 compressed oops)
# Problematic frame:
# V  [jvm.dll+0x487093]
#
# Failed to write core dump. Minidumps are not enabled by default on client versions of Windows
#
# If you would like to submit a bug report, please visit:
#   http://bugreport.java.com/bugreport/crash.jsp
#

---------------  T H R E A D  ---------------

Current thread (0x000000001697c000):  JavaThread "C2 CompilerThread1" daemon [_thread_in_native, id=11772, stack(0x0000000018380000,0x0000000018480000)]

siginfo: ExceptionCode=0xc0000005, reading address 0x00000000390831a0

Registers:
RAX=0x000000001847c510, RBX=0x0000000000000003, RCX=0x00000000190821c0, RDX=0x00000000040001fc
RSP=0x000000001847c170, RBP=0x000000001d440ce0, RSI=0x0000000000000018, RDI=0x000000001847c2f0
R8 =0x0000000000000008, R9 =0x000000001ecc1c00, R10=0x00000000743f61c0, R11=0x0000000073c30000
R12=0x00000000199caa08, R13=0x0000000000000001, R14=0x000000001cd289f8, R15=0x000000001c881d00
RIP=0x00000000740b7093, EFLAGS=0x0000000000010202

Top of Stack: (sp=0x000000001847c170)
0x000000001847c170:   000000000000020a 0000000000000010
0x000000001847c180:   000000001d440f60 0000000000000000
0x000000001847c190:   0000000000000648 00000000168e5f10
0x000000001847c1a0:   0000000019bac660 000000000006fa80
0x000000001847c1b0:   0000000019bb1750 0000000019bb4648
0x000000001847c1c0:   00000000742680d8 00000000168e5f10
0x000000001847c1d0:   0000000000000002 000000001d440730
0x000000001847c1e0:   000000001847c2b0 00000000000003d8
0x000000001847c1f0:   0000000017d48aa8 0000000017d486d0
0x000000001847c200:   0000000000000000 0000000017d486c0
0x000000001847c210:   000000001847c330 000000001847c5a0
0x000000001847c220:   000000001847c6b0 0000000074064923
0x000000001847c230:   0000000000000001 0000000000000002
0x000000001847c240:   00000000000000ca 0000000000000008
0x000000001847c250:   0000000000000002 0000000017d486c0
0x000000001847c260:   000000001ecc00a0 000000001ecc2090 

Instructions: (pc=0x00000000740b7093)
0x00000000740b7073:   96 00 00 00 be 08 00 00 00 44 8d 68 ff 49 8b 46
0x00000000740b7083:   08 48 8b 0c 06 48 8b 47 38 8b 51 28 48 8b 48 68
0x00000000740b7093:   4c 39 24 d1 74 67 48 8b 47 40 48 63 d2 48 8b 48
0x00000000740b70a3:   18 8b 1c 91 85 db 74 55 48 8b 45 08 8b cb 48 c1 


Register to memory mapping:

RAX=0x000000001847c510 is pointing into the stack for thread: 0x000000001697c000
RBX=0x0000000000000003 is an unknown value
RCX=0x00000000190821c0 is an unknown value
RDX=0x00000000040001fc is an unknown value
RSP=0x000000001847c170 is pointing into the stack for thread: 0x000000001697c000
RBP=0x000000001d440ce0 is an unknown value
RSI=0x0000000000000018 is an unknown value
RDI=0x000000001847c2f0 is pointing into the stack for thread: 0x000000001697c000
R8 =0x0000000000000008 is an unknown value
R9 =0x000000001ecc1c00 is an unknown value
R10=0x00000000743f61c0 is an unknown value
R11=0x0000000073c30000 is an unknown value
R12=0x00000000199caa08 is an unknown value
R13=0x0000000000000001 is an unknown value
R14=0x000000001cd289f8 is an unknown value
R15=0x000000001c881d00 is an unknown value


Stack: [0x0000000018380000,0x0000000018480000],  sp=0x000000001847c170,  free space=1008k
Native frames: (J=compiled Java code, j=interpreted, Vv=VM code, C=native code)
V  [jvm.dll+0x487093]
V  [jvm.dll+0x434923]
V  [jvm.dll+0x43f99b]
V  [jvm.dll+0x44226e]
V  [jvm.dll+0x4252c2]
V  [jvm.dll+0x813d8]
V  [jvm.dll+0x81d0f]
V  [jvm.dll+0x21d41f]
V  [jvm.dll+0x26d9aa]
C  [msvcr100.dll+0x21d9f]
C  [msvcr100.dll+0x21e3b]
C  [KERNEL32.DLL+0x181f4]
C  [ntdll.dll+0x6a251]


Current CompileTask:
C2:  39485 3560       4       com.google.gson.stream.JsonReader::nextQuotedValue (196 bytes)


---------------  P R O C E S S  ---------------

Java Threads: ( => current thread )
  0x000000001c090000 JavaThread "Build operations Thread 4" [_thread_blocked, id=6504, stack(0x0000000020480000,0x0000000020580000)]
  0x000000001c091000 JavaThread "Build operations Thread 3" [_thread_blocked, id=9004, stack(0x0000000020380000,0x0000000020480000)]
  0x000000001c094800 JavaThread "Build operations Thread 2" [_thread_blocked, id=5648, stack(0x0000000020280000,0x0000000020380000)]
  0x000000001c097000 JavaThread "Build operations" [_thread_blocked, id=7616, stack(0x0000000020180000,0x0000000020280000)]
  0x0000000018b3f800 JavaThread "Cache worker for Artifact transforms cache (C:\Users\chen\.gradle\caches\transforms-1)" [_thread_blocked, id=10260, stack(0x000000001fe80000,0x000000001ff80000)]
  0x0000000018b43000 JavaThread "Cache worker for cache directory md-rule (C:\Users\chen\.gradle\caches\4.10.1\md-rule)" [_thread_blocked, id=7656, stack(0x000000001fd80000,0x000000001fe80000)]
  0x0000000018b41800 JavaThread "Cache worker for cache directory md-supplier (C:\Users\chen\.gradle\caches\4.10.1\md-supplier)" [_thread_blocked, id=8936, stack(0x000000001eb70000,0x000000001ec70000)]
  0x0000000018b3e000 JavaThread "Cache worker for journal cache (C:\Users\chen\.gradle\caches\journal-1)" [_thread_blocked, id=11800, stack(0x000000001d0a0000,0x000000001d1a0000)]
  0x000000001baa3800 JavaThread "Cache worker for file hash cache (D:\permission\.gradle\4.10.1\fileHashes)" [_thread_blocked, id=4068, stack(0x000000001cfa0000,0x000000001d0a0000)]
  0x0000000018ca3000 JavaThread "File lock request listener" [_thread_in_native, id=12100, stack(0x000000001bed0000,0x000000001bfd0000)]
  0x0000000019a05800 JavaThread "Cache worker for file hash cache (C:\Users\chen\.gradle\caches\4.10.1\fileHashes)" [_thread_blocked, id=11616, stack(0x000000001bdd0000,0x000000001bed0000)]
  0x0000000018a15800 JavaThread "Stdin handler" [_thread_blocked, id=2352, stack(0x000000001ab00000,0x000000001ac00000)]
  0x0000000018a14800 JavaThread "Asynchronous log dispatcher for DefaultDaemonConnection: socket connection from /127.0.0.1:50750 to /127.0.0.1:50751" [_thread_blocked, id=9244, stack(0x000000001aa00000,0x000000001ab00000)]
  0x0000000018e8b000 JavaThread "Daemon worker" [_thread_in_vm, id=4152, stack(0x000000001a900000,0x000000001aa00000)]
  0x0000000017dc5800 JavaThread "Cancel handler" [_thread_blocked, id=7096, stack(0x000000001a800000,0x000000001a900000)]
  0x00000000193bb800 JavaThread "Handler for socket connection from /127.0.0.1:50750 to /127.0.0.1:50751" [_thread_in_native, id=8808, stack(0x000000001a500000,0x000000001a600000)]
  0x00000000193bb000 JavaThread "Daemon" [_thread_blocked, id=3312, stack(0x000000001a400000,0x000000001a500000)]
  0x0000000019364000 JavaThread "Daemon periodic checks" [_thread_blocked, id=1212, stack(0x000000001a300000,0x000000001a400000)]
  0x0000000019363800 JavaThread "Incoming local TCP Connector on port 50750" [_thread_in_native, id=9668, stack(0x000000001a150000,0x000000001a250000)]
  0x0000000017cff000 JavaThread "Service Thread" daemon [_thread_blocked, id=3380, stack(0x0000000018580000,0x0000000018680000)]
  0x0000000017c8d800 JavaThread "C1 CompilerThread2" daemon [_thread_blocked, id=7760, stack(0x0000000018480000,0x0000000018580000)]
=>0x000000001697c000 JavaThread "C2 CompilerThread1" daemon [_thread_in_native, id=11772, stack(0x0000000018380000,0x0000000018480000)]
  0x000000001692b800 JavaThread "C2 CompilerThread0" daemon [_thread_in_native, id=1624, stack(0x0000000018280000,0x0000000018380000)]
  0x000000001692e800 JavaThread "Attach Listener" daemon [_thread_blocked, id=8896, stack(0x0000000018180000,0x0000000018280000)]
  0x0000000017c88800 JavaThread "Signal Dispatcher" daemon [_thread_blocked, id=6852, stack(0x0000000018080000,0x0000000018180000)]
  0x0000000002fab800 JavaThread "Finalizer" daemon [_thread_blocked, id=9788, stack(0x0000000017b80000,0x0000000017c80000)]
  0x0000000002fa0800 JavaThread "Reference Handler" daemon [_thread_blocked, id=2760, stack(0x0000000017a80000,0x0000000017b80000)]
  0x0000000002a2d800 JavaThread "main" [_thread_blocked, id=11388, stack(0x0000000002a30000,0x0000000002b30000)]

Other Threads:
  0x00000000168e7000 VMThread [stack: 0x0000000017980000,0x0000000017a80000] [id=6296]
  0x0000000017d30000 WatcherThread [stack: 0x0000000018680000,0x0000000018780000] [id=1824]

VM state:not at safepoint (normal execution)

VM Mutex/Monitor currently owned by a thread: None

Heap:
 PSYoungGen      total 129024K, used 71096K [0x00000000e0000000, 0x00000000ec700000, 0x0000000100000000)
  eden space 116736K, 60% used [0x00000000e0000000,0x00000000e456e0c0,0x00000000e7200000)
  from space 12288K, 0% used [0x00000000e7200000,0x00000000e7200000,0x00000000e7e00000)
  to   space 11776K, 0% used [0x00000000ebb80000,0x00000000ebb80000,0x00000000ec700000)
 ParOldGen       total 66560K, used 16125K [0x00000000a0000000, 0x00000000a4100000, 0x00000000e0000000)
  object space 66560K, 24% used [0x00000000a0000000,0x00000000a0fbf590,0x00000000a4100000)
 Metaspace       used 41734K, capacity 42488K, committed 42880K, reserved 1085440K
  class space    used 5626K, capacity 5926K, committed 6016K, reserved 1048576K

Card table byte_map: [0x0000000012370000,0x0000000012680000] byte_map_base: 0x0000000011e70000

Marking Bits: (ParMarkBitMap*) 0x00000000743f5aa0
 Begin Bits: [0x0000000012c80000, 0x0000000014480000)
 End Bits:   [0x0000000014480000, 0x0000000015c80000)

Polling page: 0x0000000000d20000

CodeCache: size=245760Kb used=12538Kb max_used=12538Kb free=233221Kb
 bounds [0x0000000002fb0000, 0x0000000003c00000, 0x0000000011fb0000]
 total_blobs=4224 nmethods=3482 adapters=653
 compilation: enabled

Compilation events (10 events):
Event: 39.446 Thread 0x0000000017c8d800 nmethod 3597 0x0000000003bbef10 code [0x0000000003bbf060, 0x0000000003bbf170]
Event: 39.446 Thread 0x0000000017c8d800 3598       1       com.android.tools.build.jetifier.core.pom.PomDependency::getArtifactId (5 bytes)
Event: 39.446 Thread 0x0000000017c8d800 nmethod 3598 0x0000000003bbec50 code [0x0000000003bbeda0, 0x0000000003bbeeb0]
Event: 39.446 Thread 0x0000000017c8d800 3595       3       kotlin.collections.ArraysKt___ArraysJvmKt::asList (17 bytes)
Event: 39.446 Thread 0x0000000017c8d800 nmethod 3595 0x0000000003bcb350 code [0x0000000003bcb520, 0x0000000003bcbb68]
Event: 39.446 Thread 0x0000000017c8d800 3596       3       kotlin.collections.ArraysUtilJVM::asList (5 bytes)
Event: 39.446 Thread 0x0000000017c8d800 nmethod 3596 0x0000000003bcbf90 code [0x0000000003bcc140, 0x0000000003bcc608]
Event: 39.446 Thread 0x0000000017c8d800 3599       1       com.android.tools.build.jetifier.core.pom.PomDependency::getVersion (5 bytes)
Event: 39.446 Thread 0x0000000017c8d800 nmethod 3599 0x0000000003bc0790 code [0x0000000003bc08e0, 0x0000000003bc09f0]
Event: 39.446 Thread 0x0000000017c8d800 3600       3       com.android.tools.build.jetifier.core.type.JavaType::<init> (72 bytes)

GC Heap History (10 events):
Event: 24.449 GC heap before
{Heap before GC invocations=7 (full 1):
 PSYoungGen      total 38400K, used 33280K [0x00000000e0000000, 0x00000000e5700000, 0x0000000100000000)
  eden space 33280K, 100% used [0x00000000e0000000,0x00000000e2080000,0x00000000e2080000)
  from space 5120K, 0% used [0x00000000e2080000,0x00000000e2080000,0x00000000e2580000)
  to   space 11264K, 0% used [0x00000000e4c00000,0x00000000e4c00000,0x00000000e5700000)
 ParOldGen       total 52736K, used 9720K [0x00000000a0000000, 0x00000000a3380000, 0x00000000e0000000)
  object space 52736K, 18% used [0x00000000a0000000,0x00000000a097e1c8,0x00000000a3380000)
 Metaspace       used 24760K, capacity 25228K, committed 25344K, reserved 1071104K
  class space    used 3400K, capacity 3577K, committed 3584K, reserved 1048576K
Event: 24.455 GC heap after
Heap after GC invocations=7 (full 1):
 PSYoungGen      total 69632K, used 4001K [0x00000000e0000000, 0x00000000e5300000, 0x0000000100000000)
  eden space 62464K, 0% used [0x00000000e0000000,0x00000000e0000000,0x00000000e3d00000)
  from space 7168K, 55% used [0x00000000e4c00000,0x00000000e4fe86d8,0x00000000e5300000)
  to   space 11264K, 0% used [0x00000000e3d00000,0x00000000e3d00000,0x00000000e4800000)
 ParOldGen       total 52736K, used 9728K [0x00000000a0000000, 0x00000000a3380000, 0x00000000e0000000)
  object space 52736K, 18% used [0x00000000a0000000,0x00000000a09801c8,0x00000000a3380000)
 Metaspace       used 24760K, capacity 25228K, committed 25344K, reserved 1071104K
  class space    used 3400K, capacity 3577K, committed 3584K, reserved 1048576K
}
Event: 25.204 GC heap before
{Heap before GC invocations=8 (full 1):
 PSYoungGen      total 69632K, used 66465K [0x00000000e0000000, 0x00000000e5300000, 0x0000000100000000)
  eden space 62464K, 100% used [0x00000000e0000000,0x00000000e3d00000,0x00000000e3d00000)
  from space 7168K, 55% used [0x00000000e4c00000,0x00000000e4fe86d8,0x00000000e5300000)
  to   space 11264K, 0% used [0x00000000e3d00000,0x00000000e3d00000,0x00000000e4800000)
 ParOldGen       total 52736K, used 9728K [0x00000000a0000000, 0x00000000a3380000, 0x00000000e0000000)
  object space 52736K, 18% used [0x00000000a0000000,0x00000000a09801c8,0x00000000a3380000)
 Metaspace       used 28959K, capacity 29468K, committed 29568K, reserved 1075200K
  class space    used 4015K, capacity 4199K, committed 4224K, reserved 1048576K
Event: 25.219 GC heap after
Heap after GC invocations=8 (full 1):
 PSYoungGen      total 73728K, used 7494K [0x00000000e0000000, 0x00000000e8980000, 0x0000000100000000)
  eden space 62464K, 0% used [0x00000000e0000000,0x00000000e0000000,0x00000000e3d00000)
  from space 11264K, 66% used [0x00000000e3d00000,0x00000000e44518d8,0x00000000e4800000)
  to   space 11264K, 0% used [0x00000000e7e80000,0x00000000e7e80000,0x00000000e8980000)
 ParOldGen       total 52736K, used 9736K [0x00000000a0000000, 0x00000000a3380000, 0x00000000e0000000)
  object space 52736K, 18% used [0x00000000a0000000,0x00000000a09821c8,0x00000000a3380000)
 Metaspace       used 28959K, capacity 29468K, committed 29568K, reserved 1075200K
  class space    used 4015K, capacity 4199K, committed 4224K, reserved 1048576K
}
Event: 37.842 GC heap before
{Heap before GC invocations=9 (full 1):
 PSYoungGen      total 73728K, used 69958K [0x00000000e0000000, 0x00000000e8980000, 0x0000000100000000)
  eden space 62464K, 100% used [0x00000000e0000000,0x00000000e3d00000,0x00000000e3d00000)
  from space 11264K, 66% used [0x00000000e3d00000,0x00000000e44518d8,0x00000000e4800000)
  to   space 11264K, 0% used [0x00000000e7e80000,0x00000000e7e80000,0x00000000e8980000)
 ParOldGen       total 52736K, used 9736K [0x00000000a0000000, 0x00000000a3380000, 0x00000000e0000000)
  object space 52736K, 18% used [0x00000000a0000000,0x00000000a09821c8,0x00000000a3380000)
 Metaspace       used 32242K, capacity 32940K, committed 33280K, reserved 1077248K
  class space    used 4498K, capacity 4737K, committed 4864K, reserved 1048576K
Event: 37.853 GC heap after
Heap after GC invocations=9 (full 1):
 PSYoungGen      total 128000K, used 10750K [0x00000000e0000000, 0x00000000e8a00000, 0x0000000100000000)
  eden space 116736K, 0% used [0x00000000e0000000,0x00000000e0000000,0x00000000e7200000)
  from space 11264K, 95% used [0x00000000e7e80000,0x00000000e88ffba0,0x00000000e8980000)
  to   space 12288K, 0% used [0x00000000e7200000,0x00000000e7200000,0x00000000e7e00000)
 ParOldGen       total 52736K, used 9744K [0x00000000a0000000, 0x00000000a3380000, 0x00000000e0000000)
  object space 52736K, 18% used [0x00000000a0000000,0x00000000a09841c8,0x00000000a3380000)
 Metaspace       used 32242K, capacity 32940K, committed 33280K, reserved 1077248K
  class space    used 4498K, capacity 4737K, committed 4864K, reserved 1048576K
}
Event: 38.272 GC heap before
{Heap before GC invocations=10 (full 1):
 PSYoungGen      total 128000K, used 19344K [0x00000000e0000000, 0x00000000e8a00000, 0x0000000100000000)
  eden space 116736K, 7% used [0x00000000e0000000,0x00000000e08647b8,0x00000000e7200000)
  from space 11264K, 95% used [0x00000000e7e80000,0x00000000e88ffba0,0x00000000e8980000)
  to   space 12288K, 0% used [0x00000000e7200000,0x00000000e7200000,0x00000000e7e00000)
 ParOldGen       total 52736K, used 9744K [0x00000000a0000000, 0x00000000a3380000, 0x00000000e0000000)
  object space 52736K, 18% used [0x00000000a0000000,0x00000000a09841c8,0x00000000a3380000)
 Metaspace       used 34637K, capacity 35262K, committed 35416K, reserved 1079296K
  class space    used 4821K, capacity 5065K, committed 5120K, reserved 1048576K
Event: 38.285 GC heap after
Heap after GC invocations=10 (full 1):
 PSYoungGen      total 129024K, used 7203K [0x00000000e0000000, 0x00000000ec700000, 0x0000000100000000)
  eden space 116736K, 0% used [0x00000000e0000000,0x00000000e0000000,0x00000000e7200000)
  from space 12288K, 58% used [0x00000000e7200000,0x00000000e7908cf8,0x00000000e7e00000)
  to   space 11776K, 0% used [0x00000000ebb80000,0x00000000ebb80000,0x00000000ec700000)
 ParOldGen       total 52736K, used 11600K [0x00000000a0000000, 0x00000000a3380000, 0x00000000e0000000)
  object space 52736K, 21% used [0x00000000a0000000,0x00000000a0b54218,0x00000000a3380000)
 Metaspace       used 34637K, capacity 35262K, committed 35416K, reserved 1079296K
  class space    used 4821K, capacity 5065K, committed 5120K, reserved 1048576K
}
Event: 38.285 GC heap before
{Heap before GC invocations=11 (full 2):
 PSYoungGen      total 129024K, used 7203K [0x00000000e0000000, 0x00000000ec700000, 0x0000000100000000)
  eden space 116736K, 0% used [0x00000000e0000000,0x00000000e0000000,0x00000000e7200000)
  from space 12288K, 58% used [0x00000000e7200000,0x00000000e7908cf8,0x00000000e7e00000)
  to   space 11776K, 0% used [0x00000000ebb80000,0x00000000ebb80000,0x00000000ec700000)
 ParOldGen       total 52736K, used 11600K [0x00000000a0000000, 0x00000000a3380000, 0x00000000e0000000)
  object space 52736K, 21% used [0x00000000a0000000,0x00000000a0b54218,0x00000000a3380000)
 Metaspace       used 34637K, capacity 35262K, committed 35416K, reserved 1079296K
  class space    used 4821K, capacity 5065K, committed 5120K, reserved 1048576K
Event: 38.361 GC heap after
Heap after GC invocations=11 (full 2):
 PSYoungGen      total 129024K, used 0K [0x00000000e0000000, 0x00000000ec700000, 0x0000000100000000)
  eden space 116736K, 0% used [0x00000000e0000000,0x00000000e0000000,0x00000000e7200000)
  from space 12288K, 0% used [0x00000000e7200000,0x00000000e7200000,0x00000000e7e00000)
  to   space 11776K, 0% used [0x00000000ebb80000,0x00000000ebb80000,0x00000000ec700000)
 ParOldGen       total 66560K, used 16125K [0x00000000a0000000, 0x00000000a4100000, 0x00000000e0000000)
  object space 66560K, 24% used [0x00000000a0000000,0x00000000a0fbf590,0x00000000a4100000)
 Metaspace       used 34637K, capacity 35262K, committed 35416K, reserved 1079296K
  class space    used 4821K, capacity 5065K, committed 5120K, reserved 1048576K
}

Deoptimization events (10 events):
Event: 38.789 Thread 0x0000000018e8b000 Uncommon trap: reason=unstable_if action=reinterpret pc=0x0000000003231b40 method=java.util.jar.Attributes$Name.isDigit(C)Z @ 3
Event: 38.794 Thread 0x0000000018e8b000 Uncommon trap: reason=unstable_if action=reinterpret pc=0x00000000039f8d70 method=java.lang.ThreadLocal.get()Ljava/lang/Object; @ 11
Event: 38.838 Thread 0x0000000018e8b000 Uncommon trap: reason=unstable_if action=reinterpret pc=0x00000000038ab0fc method=java.util.HashMap.putVal(ILjava/lang/Object;Ljava/lang/Object;ZZ)Ljava/lang/Object; @ 236
Event: 38.883 Thread 0x0000000018e8b000 Uncommon trap: reason=unstable_if action=reinterpret pc=0x00000000032726fc method=java.lang.CharacterDataLatin1.isWhitespace(I)Z @ 14
Event: 39.066 Thread 0x0000000018e8b000 Uncommon trap: reason=unstable_if action=reinterpret pc=0x0000000003a97ff0 method=java.util.jar.JarFile.getInputStream(Ljava/util/zip/ZipEntry;)Ljava/io/InputStream; @ 37
Event: 39.080 Thread 0x0000000018e8b000 Uncommon trap: reason=unstable_if action=reinterpret pc=0x0000000003aa2988 method=java.util.jar.JarFile$JarFileEntry.getCodeSigners()[Ljava/security/CodeSigner; @ 24
Event: 39.082 Thread 0x0000000018e8b000 Uncommon trap: reason=unstable_if action=reinterpret pc=0x00000000034ea3ec method=java.security.CodeSource.getCertificates()[Ljava/security/cert/Certificate; @ 22
Event: 39.101 Thread 0x0000000018e8b000 Uncommon trap: reason=unstable_if action=reinterpret pc=0x0000000003947550 method=java.util.LinkedHashMap.get(Ljava/lang/Object;)Ljava/lang/Object; @ 20
Event: 39.150 Thread 0x0000000018e8b000 Uncommon trap: reason=unstable_if action=reinterpret pc=0x00000000037843e8 method=org.objectweb.asm.ByteVector.putUTF8(Ljava/lang/String;)Lorg/objectweb/asm/ByteVector; @ 91
Event: 39.245 Thread 0x0000000018e8b000 Uncommon trap: reason=unstable_if action=reinterpret pc=0x00000000036d64f0 method=org.objectweb.asm.ByteVector.putUTF8(Ljava/lang/String;)Lorg/objectweb/asm/ByteVector; @ 91

Classes redefined (0 events):
No events

Internal exceptions (10 events):
Event: 37.727 Thread 0x0000000018e8b000 Exception <a 'java/lang/ClassNotFoundException': build_6nheltzbwbi6xl3yrpfmsiipwCustomizer> (0x00000000e3789960) thrown at [D:\src\AOSP-openjdk-cygwin\jdk8u\hotspot\src\share\vm\classfile\systemDictionary.cpp, line 210]
Event: 37.731 Thread 0x0000000018e8b000 Exception <a 'java/lang/ClassNotFoundException': org/gradle/api/internal/plugins/DefaultObjectConfigurationActionBeanInfo> (0x00000000e37f7d30) thrown at [D:\src\AOSP-openjdk-cygwin\jdk8u\hotspot\src\share\vm\classfile\systemDictionary.cpp, line 210]
Event: 37.731 Thread 0x0000000018e8b000 Exception <a 'java/lang/ClassNotFoundException': org/gradle/api/internal/plugins/DefaultObjectConfigurationActionCustomizer> (0x00000000e3834058) thrown at [D:\src\AOSP-openjdk-cygwin\jdk8u\hotspot\src\share\vm\classfile\systemDictionary.cpp, line 210]
Event: 38.158 Thread 0x0000000018e8b000 Implicit null exception at 0x0000000003a3ba95 to 0x0000000003a3bd7d
Event: 38.629 Thread 0x0000000018e8b000 Exception <a 'sun/nio/fs/WindowsException'> (0x00000000e0ef0338) thrown at [D:\src\AOSP-openjdk-cygwin\jdk8u\hotspot\src\share\vm\prims\jni.cpp, line 709]
Event: 38.794 Thread 0x0000000018e8b000 Implicit null exception at 0x00000000039f8828 to 0x00000000039f8d59
Event: 39.256 Thread 0x0000000018e8b000 Exception <a 'java/lang/ClassNotFoundException': com/android/build/gradle/internal/api/DefaultAndroidSourceSet_DecoratedBeanInfo> (0x00000000e30508a0) thrown at [D:\src\AOSP-openjdk-cygwin\jdk8u\hotspot\src\share\vm\classfile\systemDictionary.cpp, line 21
Event: 39.256 Thread 0x0000000018e8b000 Exception <a 'java/lang/ClassNotFoundException': com/android/build/gradle/internal/api/DefaultAndroidSourceSetBeanInfo> (0x00000000e306b880) thrown at [D:\src\AOSP-openjdk-cygwin\jdk8u\hotspot\src\share\vm\classfile\systemDictionary.cpp, line 210]
Event: 39.256 Thread 0x0000000018e8b000 Exception <a 'java/lang/ClassNotFoundException': com/android/build/gradle/internal/api/DefaultAndroidSourceSetCustomizer> (0x00000000e3086940) thrown at [D:\src\AOSP-openjdk-cygwin\jdk8u\hotspot\src\share\vm\classfile\systemDictionary.cpp, line 210]
Event: 39.258 Thread 0x0000000018e8b000 Exception <a 'java/lang/ClassNotFoundException': com/android/build/gradle/internal/api/DefaultAndroidSourceSet_DecoratedCustomizer> (0x00000000e30fa6c0) thrown at [D:\src\AOSP-openjdk-cygwin\jdk8u\hotspot\src\share\vm\classfile\systemDictionary.cpp, line 

Events (10 events):
Event: 39.438 loading class kotlin/ranges/IntRange$Companion
Event: 39.438 loading class kotlin/ranges/IntRange$Companion done
Event: 39.439 loading class kotlin/internal/ProgressionUtilKt
Event: 39.439 loading class kotlin/internal/ProgressionUtilKt done
Event: 39.445 loading class com/android/tools/build/jetifier/core/pom/PomRewriteRule$Companion
Event: 39.445 loading class com/android/tools/build/jetifier/core/pom/PomRewriteRule$Companion done
Event: 39.446 loading class com/android/tools/build/jetifier/core/type/JavaType
Event: 39.446 loading class com/android/tools/build/jetifier/core/type/JavaType done
Event: 39.446 loading class com/android/tools/build/jetifier/core/type/JavaType$Companion
Event: 39.446 loading class com/android/tools/build/jetifier/core/type/JavaType$Companion done


Dynamic libraries:
0x00007ff67f530000 - 0x00007ff67f561000 	C:\Program Files\Android\Android Studio\jre\bin\java.exe
0x00007ff9fdd00000 - 0x00007ff9fdeed000 	C:\WINDOWS\SYSTEM32\ntdll.dll
0x00007ff9fb940000 - 0x00007ff9fb9f3000 	C:\WINDOWS\System32\KERNEL32.DLL
0x00007ff9fa620000 - 0x00007ff9fa8b3000 	C:\WINDOWS\System32\KERNELBASE.dll
0x00007ff9fb800000 - 0x00007ff9fb8a3000 	C:\WINDOWS\System32\ADVAPI32.dll
0x00007ff9fba00000 - 0x00007ff9fba9e000 	C:\WINDOWS\System32\msvcrt.dll
0x00007ff9fdc30000 - 0x00007ff9fdcce000 	C:\WINDOWS\System32\sechost.dll
0x00007ff9fb3b0000 - 0x00007ff9fb4d2000 	C:\WINDOWS\System32\RPCRT4.dll
0x00007ff9fbf00000 - 0x00007ff9fc097000 	C:\WINDOWS\System32\USER32.dll
0x00007ff9faa90000 - 0x00007ff9faab0000 	C:\WINDOWS\System32\win32u.dll
0x00007ff9fc1c0000 - 0x00007ff9fc1e9000 	C:\WINDOWS\System32\GDI32.dll
0x00007ff9fab10000 - 0x00007ff9facaa000 	C:\WINDOWS\System32\gdi32full.dll
0x00007ff9fae90000 - 0x00007ff9faf30000 	C:\WINDOWS\System32\msvcp_win.dll
0x00007ff9fa520000 - 0x00007ff9fa61a000 	C:\WINDOWS\System32\ucrtbase.dll
0x00007ff9e7610000 - 0x00007ff9e7889000 	C:\WINDOWS\WinSxS\amd64_microsoft.windows.common-controls_6595b64144ccf1df_6.0.17763.379_none_05b83be8071c94a1\COMCTL32.dll
0x00007ff9fc300000 - 0x00007ff9fc62d000 	C:\WINDOWS\System32\combase.dll
0x00007ff9fa8c0000 - 0x00007ff9fa93e000 	C:\WINDOWS\System32\bcryptPrimitives.dll
0x00007ff9fc2d0000 - 0x00007ff9fc2fe000 	C:\WINDOWS\System32\IMM32.DLL
0x0000000073b50000 - 0x0000000073c22000 	C:\Program Files\Android\Android Studio\jre\jre\bin\msvcr100.dll
0x0000000073c30000 - 0x0000000074471000 	C:\Program Files\Android\Android Studio\jre\jre\bin\server\jvm.dll
0x00007ff9fdc20000 - 0x00007ff9fdc28000 	C:\WINDOWS\System32\PSAPI.DLL
0x00007ff9f1240000 - 0x00007ff9f1249000 	C:\WINDOWS\SYSTEM32\WSOCK32.dll
0x00007ff9f7a50000 - 0x00007ff9f7a74000 	C:\WINDOWS\SYSTEM32\WINMM.dll
0x00007ff9fc0a0000 - 0x00007ff9fc10d000 	C:\WINDOWS\System32\WS2_32.dll
0x00007ff9f0510000 - 0x00007ff9f051a000 	C:\WINDOWS\SYSTEM32\VERSION.dll
0x00007ff9f7a20000 - 0x00007ff9f7a4d000 	C:\WINDOWS\SYSTEM32\WINMMBASE.dll
0x00007ff9faa40000 - 0x00007ff9faa8a000 	C:\WINDOWS\System32\cfgmgr32.dll
0x00007ff9f4350000 - 0x00007ff9f435f000 	C:\Program Files\Android\Android Studio\jre\jre\bin\verify.dll
0x00007ff9e9d00000 - 0x00007ff9e9d29000 	C:\Program Files\Android\Android Studio\jre\jre\bin\java.dll
0x00007ff9e7910000 - 0x00007ff9e7926000 	C:\Program Files\Android\Android Studio\jre\jre\bin\zip.dll
0x00007ff9fc6b0000 - 0x00007ff9fdba0000 	C:\WINDOWS\System32\SHELL32.dll
0x00007ff9fc110000 - 0x00007ff9fc1b8000 	C:\WINDOWS\System32\shcore.dll
0x00007ff9f9dd0000 - 0x00007ff9fa51a000 	C:\WINDOWS\System32\windows.storage.dll
0x00007ff9f9d00000 - 0x00007ff9f9d24000 	C:\WINDOWS\System32\profapi.dll
0x00007ff9f9d50000 - 0x00007ff9f9dad000 	C:\WINDOWS\System32\powrprof.dll
0x00007ff9fbd30000 - 0x00007ff9fbd82000 	C:\WINDOWS\System32\shlwapi.dll
0x00007ff9f9db0000 - 0x00007ff9f9dc1000 	C:\WINDOWS\System32\kernel.appcore.dll
0x00007ff9fa970000 - 0x00007ff9fa987000 	C:\WINDOWS\System32\cryptsp.dll
0x00007ff9e79d0000 - 0x00007ff9e79ea000 	C:\Program Files\Android\Android Studio\jre\jre\bin\net.dll
0x00007ff9f9580000 - 0x00007ff9f95e7000 	C:\WINDOWS\system32\mswsock.dll
0x00007ff9e79b0000 - 0x00007ff9e79c1000 	C:\Program Files\Android\Android Studio\jre\jre\bin\nio.dll
0x00007ff9f65f0000 - 0x00007ff9f660e000 	C:\Users\chen\.gradle\native\25\windows-amd64\native-platform.dll
0x00007ff9ee070000 - 0x00007ff9ee07d000 	C:\Program Files\Android\Android Studio\jre\jre\bin\management.dll
0x00007ff9f90e0000 - 0x00007ff9f9113000 	C:\WINDOWS\system32\rsaenh.dll
0x00007ff9fa940000 - 0x00007ff9fa966000 	C:\WINDOWS\System32\bcrypt.dll
0x00007ff9f9c30000 - 0x00007ff9f9c58000 	C:\WINDOWS\SYSTEM32\USERENV.dll
0x00007ff9f9750000 - 0x00007ff9f975c000 	C:\WINDOWS\SYSTEM32\CRYPTBASE.dll
0x00007ff9f92e0000 - 0x00007ff9f931d000 	C:\WINDOWS\SYSTEM32\IPHLPAPI.DLL
0x00007ff9fb8b0000 - 0x00007ff9fb8b8000 	C:\WINDOWS\System32\NSI.dll
0x00007ff9f2a80000 - 0x00007ff9f2a96000 	C:\WINDOWS\SYSTEM32\dhcpcsvc6.DLL
0x00007ff9f2a60000 - 0x00007ff9f2a7c000 	C:\WINDOWS\SYSTEM32\dhcpcsvc.DLL
0x00007ff9f9320000 - 0x00007ff9f93e6000 	C:\WINDOWS\SYSTEM32\DNSAPI.dll
0x00007ff9ed5f0000 - 0x00007ff9ed7dd000 	C:\WINDOWS\SYSTEM32\dbghelp.dll

VM Arguments:
jvm_args: -Xmx1536m -Dfile.encoding=GBK -Duser.country=CN -Duser.language=zh -Duser.variant 
java_command: org.gradle.launcher.daemon.bootstrap.GradleDaemon 4.10.1
java_class_path (initial): C:\Users\chen\.gradle\wrapper\dists\gradle-4.10.1-all\455itskqi2qtf0v2sja68alqd\gradle-4.10.1\lib\gradle-launcher-4.10.1.jar
Launcher Type: SUN_STANDARD

Environment Variables:
PATH=C:\Program Files (x86)\Common Files\Oracle\Java\javapath;C:\WINDOWS\system32;C:\WINDOWS;C:\WINDOWS\System32\Wbem;C:\WINDOWS\System32\WindowsPowerShell\v1.0\;C:\WINDOWS\System32\OpenSSH\;C:\Users\chen\AppData\Local\Programs\Python\Python37-32;C:\Program Files\Java\jdk1.8.0_191;C:\Program Files\VisualSVN Server\bin;C:\Program Files\TortoiseSVN\bin;C:\Users\chen\AppData\Local\Microsoft\WindowsApps;;C:\Users\chen\AppData\Local\Programs\Microsoft VS Code\bin;C:\Users\chen\AppData\Local\Programs\Fiddler
USERNAME=chen
OS=Windows_NT
PROCESSOR_IDENTIFIER=Intel64 Family 6 Model 60 Stepping 3, GenuineIntel



---------------  S Y S T E M  ---------------

OS: Windows 10.0 , 64 bit Build 17763 (10.0.17763.379)

CPU:total 4 (initial active 4) (2 cores per cpu, 2 threads per core) family 6 model 60 stepping 3, cmov, cx8, fxsr, mmx, sse, sse2, sse3, ssse3, sse4.1, sse4.2, popcnt, avx, avx2, aes, clmul, erms, lzcnt, ht, tsc, tscinvbit, bmi1, bmi2

Memory: 4k page, physical 8299380k(2942992k free), swap 15901556k(9618860k free)

vm_info: OpenJDK 64-Bit Server VM (25.152-b01) for windows-amd64 JRE (1.8.0_152-release-1248-b01), built by "builder" with MS VC++ 10.0 (VS2010)

time: Mon Apr 08 16:54:37 2019
elapsed time: 39 seconds (0d 0h 0m 39s)

